<?xml version="1.0" encoding="UTF-8"?>
<!-- Generated by org.testng.reporters.JUnitReportReporter -->
<testsuite hostname="CIPL1017-QA" failures="0" tests="1" name="TestCases.AD_LoginPage" time="19.303" errors="0" timestamp="2022-10-12T16:57:13 IST" skipped="0">
  <testcase classname="TestCases.AD_LoginPage" name="td" time="19.303"/>
  <system-out/>
</testsuite> <!-- TestCases.AD_LoginPage -->
