<?xml version="1.0" encoding="UTF-8"?>
<!-- Generated by org.testng.reporters.JUnitReportReporter -->
<testsuite hostname="CIPL1017-QA" failures="0" tests="1" name="Framework.Flipkart.VerifyAbletoAddItemsToTheCart" time="4.740" errors="0" timestamp="2022-08-31T15:42:17 IST" skipped="0">
  <testcase classname="Framework.Flipkart.VerifyAbletoAddItemsToTheCart" name="abc" time="4.740"/>
  <system-out/>
</testsuite> <!-- Framework.Flipkart.VerifyAbletoAddItemsToTheCart -->
